[2025-08-08T18:06:19.980Z] ERROR: Registration error from IP ::ffff:127.0.0.1: Operation `users.findOne()` buffering timed out after 10000ms 
[2025-08-08T20:10:11.402Z] ERROR: Registration error from IP ::ffff:127.0.0.1: User validation failed: phone: Path `phone` is required. 
[2025-08-08T20:10:11.507Z] ERROR: Token verification failed: jwt malformed
[2025-08-08T20:10:11.579Z] ERROR: Token verification failed: jwt malformed
[2025-08-08T20:10:11.617Z] ERROR: Token verification failed: jwt malformed
[2025-08-08T20:10:11.633Z] ERROR: Token verification failed: jwt malformed
[2025-08-08T20:10:11.655Z] ERROR: Token verification failed: jwt malformed
[2025-08-08T20:10:11.670Z] ERROR: Token verification failed: jwt malformed
[2025-08-08T20:38:08.755Z] ERROR: Error creating product Cast to ObjectId failed for value "proveedor test" (type string) at path "_id" for model "Supplier"
[2025-08-08T20:38:08.809Z] ERROR: Error creating product Cast to ObjectId failed for value "proveedor test" (type string) at path "_id" for model "Supplier"
[2025-08-08T20:38:08.853Z] ERROR: Error creating product Cast to ObjectId failed for value "proveedor test" (type string) at path "_id" for model "Supplier"
[2025-08-08T20:38:08.898Z] ERROR: Error creating product Cast to ObjectId failed for value "proveedor test" (type string) at path "_id" for model "Supplier"
[2025-08-09T15:31:34.046Z] ERROR: Token verification failed: jwt malformed
[2025-08-09T15:31:34.204Z] ERROR: Token verification failed: jwt malformed
[2025-08-09T15:31:34.338Z] ERROR: Token verification failed: jwt malformed
[2025-08-09T15:31:34.473Z] ERROR: Token verification failed: jwt malformed
[2025-08-09T15:43:41.718Z] ERROR: Token verification failed: jwt malformed
[2025-08-09T15:43:41.866Z] ERROR: Token verification failed: jwt malformed
[2025-08-09T15:43:42.012Z] ERROR: Token verification failed: jwt malformed
[2025-08-09T15:43:42.152Z] ERROR: Token verification failed: jwt malformed
[2025-08-09T15:53:49.520Z] ERROR: Token verification failed: jwt malformed
[2025-08-09T15:53:49.672Z] ERROR: Token verification failed: jwt malformed
[2025-08-09T15:53:49.808Z] ERROR: Token verification failed: jwt malformed
[2025-08-09T15:53:49.949Z] ERROR: Token verification failed: jwt malformed
[2025-08-09T15:54:22.866Z] ERROR: Token verification failed: jwt malformed
[2025-08-09T15:54:23.038Z] ERROR: Token verification failed: jwt malformed
[2025-08-09T15:54:23.175Z] ERROR: Token verification failed: jwt malformed
[2025-08-09T15:54:23.336Z] ERROR: Token verification failed: jwt malformed
[2025-08-09T16:10:55.003Z] ERROR: Token verification failed: jwt malformed
[2025-08-09T16:10:55.143Z] ERROR: Token verification failed: jwt malformed
[2025-08-09T16:10:55.271Z] ERROR: Token verification failed: jwt malformed
[2025-08-09T16:10:55.408Z] ERROR: Token verification failed: jwt malformed
[2025-08-09T16:22:45.318Z] ERROR: Token verification failed: jwt malformed
[2025-08-09T16:22:45.448Z] ERROR: Token verification failed: jwt malformed
[2025-08-09T16:22:45.575Z] ERROR: Token verification failed: jwt malformed
[2025-08-09T16:22:45.698Z] ERROR: Token verification failed: jwt malformed
[2025-08-09T16:25:34.688Z] ERROR: Token verification failed: jwt malformed
[2025-08-09T16:25:34.823Z] ERROR: Token verification failed: jwt malformed
[2025-08-09T16:25:34.950Z] ERROR: Token verification failed: jwt malformed
[2025-08-09T16:25:35.074Z] ERROR: Token verification failed: jwt malformed
[2025-08-09T16:50:27.150Z] ERROR: Token verification failed: jwt malformed
[2025-08-09T16:50:27.287Z] ERROR: Token verification failed: jwt malformed
[2025-08-09T16:50:27.410Z] ERROR: Token verification failed: jwt malformed
[2025-08-09T16:50:27.529Z] ERROR: Token verification failed: jwt malformed
[2025-08-09T16:53:18.049Z] ERROR: Token verification failed: jwt malformed
[2025-08-09T16:53:18.187Z] ERROR: Token verification failed: jwt malformed
[2025-08-09T16:53:18.312Z] ERROR: Token verification failed: jwt malformed
[2025-08-09T16:53:18.433Z] ERROR: Token verification failed: jwt malformed
[2025-08-09T17:14:39.886Z] ERROR: Token verification failed: jwt malformed
[2025-08-09T17:14:40.052Z] ERROR: Token verification failed: jwt malformed
[2025-08-09T17:14:40.185Z] ERROR: Token verification failed: jwt malformed
[2025-08-09T17:14:40.329Z] ERROR: Token verification failed: jwt malformed
[2025-08-09T17:22:48.327Z] ERROR: Token verification failed: jwt malformed
[2025-08-09T17:22:48.500Z] ERROR: Token verification failed: jwt malformed
[2025-08-09T17:22:48.639Z] ERROR: Token verification failed: jwt malformed
[2025-08-09T17:22:48.785Z] ERROR: Token verification failed: jwt malformed
[2025-08-09T17:25:28.353Z] ERROR: Token verification failed: jwt malformed
[2025-08-09T17:25:28.511Z] ERROR: Token verification failed: jwt malformed
[2025-08-09T17:25:28.666Z] ERROR: Token verification failed: jwt malformed
[2025-08-09T17:25:28.800Z] ERROR: Token verification failed: jwt malformed
[2025-08-09T17:30:32.337Z] ERROR: Token verification failed: jwt malformed
[2025-08-09T17:30:32.490Z] ERROR: Token verification failed: jwt malformed
[2025-08-09T17:30:32.633Z] ERROR: Token verification failed: jwt malformed
[2025-08-09T17:30:32.770Z] ERROR: Token verification failed: jwt malformed
[2025-08-09T17:31:36.740Z] ERROR: Token verification failed: jwt malformed
[2025-08-09T17:31:36.905Z] ERROR: Token verification failed: jwt malformed
[2025-08-09T17:31:37.055Z] ERROR: Token verification failed: jwt malformed
[2025-08-09T17:31:37.203Z] ERROR: Token verification failed: jwt malformed
[2025-08-09T17:36:36.578Z] ERROR: Token verification failed: jwt malformed
[2025-08-09T17:36:36.713Z] ERROR: Token verification failed: jwt malformed
[2025-08-09T17:36:36.836Z] ERROR: Token verification failed: jwt malformed
[2025-08-09T17:36:36.958Z] ERROR: Token verification failed: jwt malformed
[2025-08-09T17:36:38.517Z] ERROR: Token verification failed: jwt malformed
[2025-08-09T17:46:10.465Z] ERROR: Token verification failed: jwt malformed
[2025-08-09T17:46:10.601Z] ERROR: Token verification failed: jwt malformed
[2025-08-09T17:46:10.727Z] ERROR: Token verification failed: jwt malformed
[2025-08-09T17:46:10.847Z] ERROR: Token verification failed: jwt malformed
[2025-08-09T17:46:12.286Z] ERROR: Token verification failed: jwt malformed
[2025-08-09T17:48:13.237Z] ERROR: Token verification failed: jwt malformed
[2025-08-09T17:48:13.391Z] ERROR: Token verification failed: jwt malformed
[2025-08-09T17:48:13.547Z] ERROR: Token verification failed: jwt malformed
[2025-08-09T17:48:13.682Z] ERROR: Token verification failed: jwt malformed
[2025-08-09T17:48:15.380Z] ERROR: Token verification failed: jwt malformed
[2025-08-09T17:52:13.167Z] ERROR: Token verification failed: jwt malformed
[2025-08-09T17:52:13.311Z] ERROR: Token verification failed: jwt malformed
[2025-08-09T17:52:13.440Z] ERROR: Token verification failed: jwt malformed
[2025-08-09T17:52:13.567Z] ERROR: Token verification failed: jwt malformed
[2025-08-09T17:52:15.410Z] ERROR: Token verification failed: jwt malformed
[2025-08-09T17:59:59.212Z] ERROR: Token verification failed: jwt malformed
[2025-08-09T17:59:59.354Z] ERROR: Token verification failed: jwt malformed
[2025-08-09T17:59:59.485Z] ERROR: Token verification failed: jwt malformed
[2025-08-09T17:59:59.613Z] ERROR: Token verification failed: jwt malformed
[2025-08-09T18:00:01.144Z] ERROR: Token verification failed: jwt malformed
[2025-08-09T18:02:41.335Z] ERROR: Token verification failed: jwt malformed
[2025-08-09T18:02:41.477Z] ERROR: Token verification failed: jwt malformed
[2025-08-09T18:02:41.615Z] ERROR: Token verification failed: jwt malformed
[2025-08-09T18:02:41.750Z] ERROR: Token verification failed: jwt malformed
[2025-08-09T18:02:43.498Z] ERROR: Token verification failed: jwt malformed
[2025-08-09T18:05:20.898Z] ERROR: Token verification failed: jwt malformed
[2025-08-09T18:05:21.043Z] ERROR: Token verification failed: jwt malformed
[2025-08-09T18:05:21.174Z] ERROR: Token verification failed: jwt malformed
[2025-08-09T18:05:21.310Z] ERROR: Token verification failed: jwt malformed
[2025-08-09T18:05:22.973Z] ERROR: Token verification failed: jwt malformed
[2025-08-09T18:12:56.829Z] ERROR: Token verification failed: jwt malformed
[2025-08-09T18:12:56.978Z] ERROR: Token verification failed: jwt malformed
[2025-08-09T18:12:57.106Z] ERROR: Token verification failed: jwt malformed
[2025-08-09T18:12:57.249Z] ERROR: Token verification failed: jwt malformed
[2025-08-09T18:12:58.997Z] ERROR: Token verification failed: jwt malformed
[2025-08-09T18:21:36.457Z] ERROR: Token verification failed: jwt malformed
[2025-08-09T18:21:36.505Z] ERROR: Token verification failed: jwt malformed
[2025-08-09T18:21:36.628Z] ERROR: Token verification failed: jwt malformed
[2025-08-09T18:21:36.729Z] ERROR: Token verification failed: jwt malformed
[2025-08-09T18:21:36.822Z] ERROR: Token verification failed: jwt malformed
[2025-08-09T19:16:57.779Z] ERROR: Token verification failed: jwt malformed
[2025-08-09T19:16:57.856Z] ERROR: Token verification failed: jwt malformed
[2025-08-09T19:16:57.930Z] ERROR: Token verification failed: jwt malformed
[2025-08-09T19:16:58.041Z] ERROR: Token verification failed: jwt malformed
[2025-08-09T19:16:58.137Z] ERROR: Token verification failed: jwt malformed
[2025-08-09T19:19:09.703Z] ERROR: Registration error from IP ::1: [
  {
    "expected": "object",
    "code": "invalid_type",
    "path": [
      "body"
    ],
    "message": "Invalid input: expected object, received undefined"
  }
] 
[2025-08-09T19:19:26.351Z] ERROR: Registration error from IP ::1: [
  {
    "expected": "object",
    "code": "invalid_type",
    "path": [
      "body"
    ],
    "message": "Invalid input: expected object, received undefined"
  }
] 
[2025-08-09T19:23:27.606Z] ERROR: Registration error from IP ::1: Operation `users.findOne()` buffering timed out after 10000ms 
[2025-08-09T19:28:23.998Z] ERROR: Registration error from IP ::1: Operation `users.findOne()` buffering timed out after 10000ms 
[2025-08-09T19:29:13.951Z] ERROR: Registration error from IP ::1: Operation `users.findOne()` buffering timed out after 10000ms 
[2025-08-09T19:30:37.462Z] ERROR: Registration error from IP ::1: Operation `users.findOne()` buffering timed out after 10000ms 
[2025-08-09T20:20:57.235Z] ERROR: Token verification failed: jwt malformed
[2025-08-09T20:20:57.339Z] ERROR: Token verification failed: jwt malformed
[2025-08-09T20:20:57.452Z] ERROR: Token verification failed: jwt malformed
[2025-08-09T20:20:57.543Z] ERROR: Token verification failed: jwt malformed
[2025-08-09T20:20:57.634Z] ERROR: Token verification failed: jwt malformed
[2025-08-09T20:22:05.481Z] ERROR: Token verification failed: invalid signature
[2025-08-09T20:22:25.561Z] ERROR: Token verification failed: jwt malformed
[2025-08-09T20:22:25.680Z] ERROR: Token verification failed: jwt malformed
[2025-08-09T20:22:25.789Z] ERROR: Token verification failed: jwt malformed
[2025-08-09T20:22:25.882Z] ERROR: Token verification failed: jwt malformed
[2025-08-09T20:22:25.973Z] ERROR: Token verification failed: jwt malformed
[2025-08-10T20:24:32.962Z] ERROR: Token verification failed: jwt expired
[2025-08-10T21:53:38.060Z] ERROR: Token verification failed: jwt malformed
[2025-08-10T21:53:38.199Z] ERROR: Token verification failed: jwt malformed
[2025-08-10T21:53:38.327Z] ERROR: Token verification failed: jwt malformed
[2025-08-10T21:53:38.461Z] ERROR: Token verification failed: jwt malformed
[2025-08-10T21:53:40.071Z] ERROR: Token verification failed: jwt malformed
[2025-08-10T22:08:34.423Z] ERROR: Token verification failed: jwt malformed
[2025-08-10T22:08:34.557Z] ERROR: Token verification failed: jwt malformed
[2025-08-10T22:08:34.682Z] ERROR: Token verification failed: jwt malformed
[2025-08-10T22:08:34.807Z] ERROR: Token verification failed: jwt malformed
[2025-08-10T22:08:36.353Z] ERROR: Token verification failed: jwt malformed
[2025-08-10T22:30:17.194Z] ERROR: Token verification failed: jwt malformed
[2025-08-10T22:30:17.336Z] ERROR: Token verification failed: jwt malformed
[2025-08-10T22:30:17.469Z] ERROR: Token verification failed: jwt malformed
[2025-08-10T22:30:17.597Z] ERROR: Token verification failed: jwt malformed
[2025-08-10T22:30:19.232Z] ERROR: Token verification failed: jwt malformed
[2025-08-11T13:41:35.469Z] ERROR: Token verification failed: jwt malformed
[2025-08-11T13:41:35.610Z] ERROR: Token verification failed: jwt malformed
[2025-08-11T13:41:35.732Z] ERROR: Token verification failed: jwt malformed
[2025-08-11T13:41:35.851Z] ERROR: Token verification failed: jwt malformed
[2025-08-11T13:41:37.388Z] ERROR: Token verification failed: jwt malformed
[2025-08-11T13:52:58.177Z] ERROR: Token verification failed: jwt malformed
[2025-08-11T13:52:58.312Z] ERROR: Token verification failed: jwt malformed
[2025-08-11T13:52:58.439Z] ERROR: Token verification failed: jwt malformed
[2025-08-11T13:52:58.570Z] ERROR: Token verification failed: jwt malformed
[2025-08-11T13:53:00.103Z] ERROR: Token verification failed: jwt malformed
[2025-08-11T13:59:04.844Z] ERROR: Token verification failed: jwt malformed
[2025-08-11T13:59:04.984Z] ERROR: Token verification failed: jwt malformed
[2025-08-11T13:59:05.114Z] ERROR: Token verification failed: jwt malformed
[2025-08-11T13:59:05.241Z] ERROR: Token verification failed: jwt malformed
[2025-08-11T13:59:06.752Z] ERROR: Token verification failed: jwt malformed
[2025-08-11T14:02:42.734Z] ERROR: Token verification failed: jwt malformed
[2025-08-11T14:02:42.868Z] ERROR: Token verification failed: jwt malformed
[2025-08-11T14:02:42.993Z] ERROR: Token verification failed: jwt malformed
[2025-08-11T14:02:43.117Z] ERROR: Token verification failed: jwt malformed
[2025-08-11T14:02:44.734Z] ERROR: Token verification failed: jwt malformed
[2025-08-11T14:12:16.672Z] ERROR: Token verification failed: jwt malformed
[2025-08-11T14:12:16.806Z] ERROR: Token verification failed: jwt malformed
[2025-08-11T14:12:16.929Z] ERROR: Token verification failed: jwt malformed
[2025-08-11T14:12:17.048Z] ERROR: Token verification failed: jwt malformed
[2025-08-11T14:12:18.667Z] ERROR: Token verification failed: jwt malformed
[2025-08-11T14:12:44.550Z] ERROR: Token verification failed: jwt malformed
[2025-08-11T14:12:44.684Z] ERROR: Token verification failed: jwt malformed
[2025-08-11T14:12:44.807Z] ERROR: Token verification failed: jwt malformed
[2025-08-11T14:12:44.932Z] ERROR: Token verification failed: jwt malformed
[2025-08-11T14:12:46.557Z] ERROR: Token verification failed: jwt malformed
[2025-08-11T14:31:52.190Z] ERROR: Token verification failed: jwt malformed
[2025-08-11T14:31:52.352Z] ERROR: Token verification failed: jwt malformed
[2025-08-11T14:31:52.491Z] ERROR: Token verification failed: jwt malformed
[2025-08-11T14:31:52.628Z] ERROR: Token verification failed: jwt malformed
[2025-08-11T14:31:54.380Z] ERROR: Token verification failed: jwt malformed
[2025-08-11T14:40:12.486Z] ERROR: Token verification failed: jwt malformed
[2025-08-11T14:40:12.681Z] ERROR: Token verification failed: jwt malformed
[2025-08-11T14:40:12.818Z] ERROR: Token verification failed: jwt malformed
[2025-08-11T14:40:12.990Z] ERROR: Token verification failed: jwt malformed
[2025-08-11T14:40:15.234Z] ERROR: Token verification failed: jwt malformed
[2025-08-11T19:37:12.394Z] ERROR: Error creating product Product validation failed: category: Cast to ObjectId failed for value "Electronics" (type string) at path "category" because of "BSONError"
[2025-08-11T19:37:12.634Z] ERROR: Error creating product Product validation failed: category: Cast to ObjectId failed for value "Electronics" (type string) at path "category" because of "BSONError"
[2025-08-11T19:37:12.863Z] ERROR: Error creating product Product validation failed: category: Cast to ObjectId failed for value "Electronics" (type string) at path "category" because of "BSONError"
[2025-08-11T19:37:13.086Z] ERROR: Error creating product Product validation failed: category: Cast to ObjectId failed for value "Electronics" (type string) at path "category" because of "BSONError"
[2025-08-11T19:40:23.532Z] ERROR: Error creating product Product validation failed: category: Cast to ObjectId failed for value "Electronics" (type string) at path "category" because of "BSONError"
[2025-08-11T19:40:23.810Z] ERROR: Error creating product Product validation failed: category: Cast to ObjectId failed for value "Electronics" (type string) at path "category" because of "BSONError"
[2025-08-11T19:40:24.055Z] ERROR: Error creating product Product validation failed: category: Cast to ObjectId failed for value "Electronics" (type string) at path "category" because of "BSONError"
[2025-08-11T19:40:24.306Z] ERROR: Error creating product Product validation failed: category: Cast to ObjectId failed for value "Electronics" (type string) at path "category" because of "BSONError"
[2025-08-11T19:46:57.391Z] ERROR: Error creating product Product validation failed: category: Cast to ObjectId failed for value "Electronics" (type string) at path "category" because of "BSONError"
[2025-08-11T19:46:57.689Z] ERROR: Error creating product Product validation failed: category: Cast to ObjectId failed for value "Electronics" (type string) at path "category" because of "BSONError"
[2025-08-11T19:46:57.921Z] ERROR: Error creating product Product validation failed: category: Cast to ObjectId failed for value "Electronics" (type string) at path "category" because of "BSONError"
[2025-08-11T19:46:58.150Z] ERROR: Error creating product Product validation failed: category: Cast to ObjectId failed for value "Electronics" (type string) at path "category" because of "BSONError"
[2025-08-11T20:14:22.504Z] ERROR: Token verification failed: jwt malformed
[2025-08-11T20:17:54.507Z] ERROR: Token verification failed: jwt malformed
[2025-08-11T20:33:03.347Z] ERROR: Token verification failed: jwt malformed
[2025-08-11T20:38:20.471Z] ERROR: Token verification failed: jwt malformed
[2025-08-11T20:38:22.169Z] ERROR: Token verification failed: jwt malformed
[2025-08-11T20:38:22.202Z] ERROR: Token verification failed: jwt malformed
[2025-08-11T20:40:53.111Z] ERROR: Token verification failed: jwt malformed
[2025-08-11T20:40:54.912Z] ERROR: Token verification failed: jwt malformed
[2025-08-11T20:40:54.947Z] ERROR: Token verification failed: jwt malformed
[2025-08-11T20:43:39.714Z] ERROR: Token verification failed: jwt malformed
[2025-08-11T20:43:41.445Z] ERROR: Token verification failed: jwt malformed
[2025-08-11T20:43:41.481Z] ERROR: Token verification failed: jwt malformed
[2025-08-11T20:44:12.203Z] ERROR: Token verification failed: jwt malformed
[2025-08-11T20:44:13.847Z] ERROR: Token verification failed: jwt malformed
[2025-08-11T20:44:13.885Z] ERROR: Token verification failed: jwt malformed
[2025-08-11T20:53:44.139Z] ERROR: Token verification failed: jwt malformed
[2025-08-11T20:53:45.975Z] ERROR: Token verification failed: jwt malformed
[2025-08-11T20:53:46.009Z] ERROR: Token verification failed: jwt malformed
[2025-08-11T20:55:05.593Z] ERROR: Token verification failed: jwt malformed
[2025-08-11T20:55:07.453Z] ERROR: Token verification failed: jwt malformed
[2025-08-11T20:55:07.489Z] ERROR: Token verification failed: jwt malformed
[2025-08-11T21:00:27.109Z] ERROR: Token verification failed: jwt malformed
[2025-08-11T21:00:28.872Z] ERROR: Token verification failed: jwt malformed
[2025-08-11T21:00:28.907Z] ERROR: Token verification failed: jwt malformed
[2025-08-11T21:05:47.843Z] ERROR: Token verification failed: jwt malformed
[2025-08-11T21:05:49.864Z] ERROR: Token verification failed: jwt malformed
[2025-08-11T21:05:49.908Z] ERROR: Token verification failed: jwt malformed
[2025-08-11T21:12:42.511Z] ERROR: Token verification failed: jwt malformed
[2025-08-11T21:33:21.434Z] ERROR: [ERROR] createManualInventory: Product validation failed: category: Cast to ObjectId failed for value "ropa deportiva" (type string) at path "category" because of "BSONError"
[2025-08-11T21:33:34.526Z] ERROR: [ERROR] createManualInventory: Product validation failed: category: Cast to ObjectId failed for value "ropa deportiva" (type string) at path "category" because of "BSONError"
[2025-08-11T21:34:49.379Z] ERROR: [ERROR] createManualInventory: Product validation failed: category: Cast to ObjectId failed for value "ropa deportiva" (type string) at path "category" because of "BSONError"
[2025-08-11T21:35:08.577Z] ERROR: [ERROR] createManualInventory: Product validation failed: category: Cast to ObjectId failed for value "ropa deportiva" (type string) at path "category" because of "BSONError"
[2025-08-11T21:36:04.308Z] ERROR: [ERROR] createManualInventory: Product validation failed: category: Cast to ObjectId failed for value "ropa deportiva" (type string) at path "category" because of "BSONError"
[2025-08-11T21:36:17.150Z] ERROR: [ERROR] createManualInventory: Product validation failed: category: Cast to ObjectId failed for value "ropa deportiva" (type string) at path "category" because of "BSONError"
[2025-08-12T13:31:31.976Z] ERROR: Token verification failed: jwt malformed
[2025-08-12T14:05:27.117Z] ERROR: Token verification failed: jwt malformed
[2025-08-13T12:59:42.109Z] ERROR: Token verification failed: jwt malformed
[2025-08-13T13:01:34.396Z] ERROR: Token verification failed: jwt expired
[2025-08-13T16:54:58.162Z] ERROR: Token verification failed: jwt malformed
[2025-08-13T17:03:30.130Z] ERROR: Token verification failed: jwt malformed
[2025-08-13T17:09:20.865Z] ERROR: Token verification failed: jwt malformed
[2025-08-13T17:21:46.288Z] ERROR: Token verification failed: jwt malformed
[2025-08-13T18:06:53.402Z] ERROR: Token verification failed: jwt malformed
[2025-08-13T18:15:08.756Z] ERROR: Token verification failed: jwt malformed
[2025-08-13T18:17:13.453Z] ERROR: Token verification failed: jwt malformed
[2025-08-13T19:23:27.003Z] ERROR: Token verification failed: jwt malformed
[2025-08-13T19:27:00.989Z] ERROR: Token verification failed: jwt malformed
[2025-08-13T19:33:24.130Z] ERROR: Token verification failed: jwt malformed
[2025-08-13T19:37:14.688Z] ERROR: Token verification failed: jwt malformed
[2025-08-13T19:47:13.087Z] ERROR: Token verification failed: jwt malformed
[2025-08-13T19:47:55.189Z] ERROR: Token verification failed: jwt malformed
[2025-08-13T19:49:25.904Z] ERROR: Token verification failed: jwt malformed
[2025-08-13T19:52:34.652Z] ERROR: Token verification failed: jwt malformed
[2025-08-13T19:54:46.948Z] ERROR: Token verification failed: jwt malformed
[2025-08-13T19:56:50.657Z] ERROR: Token verification failed: jwt malformed
[2025-08-13T19:58:45.907Z] ERROR: Token verification failed: jwt malformed
[2025-08-13T20:05:15.996Z] ERROR: Token verification failed: jwt malformed
[2025-08-13T20:12:23.742Z] ERROR: Token verification failed: jwt malformed
[2025-08-13T20:17:17.769Z] ERROR: Token verification failed: jwt malformed
[2025-08-13T20:24:23.735Z] ERROR: Token verification failed: jwt malformed
[2025-08-13T20:25:56.735Z] ERROR: Token verification failed: jwt malformed
[2025-08-13T20:31:31.882Z] ERROR: Token verification failed: jwt malformed
[2025-08-13T20:36:00.592Z] ERROR: Token verification failed: jwt malformed
[2025-08-13T20:42:19.996Z] ERROR: Token verification failed: jwt malformed
[2025-08-13T20:44:47.475Z] ERROR: Token verification failed: jwt malformed
[2025-08-13T20:46:48.662Z] ERROR: Token verification failed: jwt malformed
[2025-08-13T20:48:12.483Z] ERROR: Token verification failed: jwt malformed
[2025-08-13T20:51:43.664Z] ERROR: Token verification failed: jwt malformed
[2025-08-13T20:56:41.479Z] ERROR: Token verification failed: jwt malformed
[2025-08-13T21:00:57.624Z] ERROR: Token verification failed: jwt malformed
[2025-08-13T21:01:30.569Z] ERROR: Token verification failed: jwt malformed
[2025-08-13T21:05:19.333Z] ERROR: Token verification failed: jwt malformed
[2025-08-13T21:06:27.525Z] ERROR: Token verification failed: jwt malformed
[2025-08-13T21:10:20.128Z] ERROR: Token verification failed: jwt malformed
[2025-08-13T21:22:34.019Z] ERROR: Token verification failed: jwt malformed
[2025-08-13T21:25:58.894Z] ERROR: Token verification failed: jwt malformed
[2025-08-13T21:25:59.105Z] ERROR: Token verification failed: jwt malformed
[2025-08-13T21:25:59.315Z] ERROR: Token verification failed: jwt malformed
[2025-08-13T21:25:59.519Z] ERROR: Token verification failed: jwt malformed
[2025-08-13T21:25:59.830Z] ERROR: Token verification failed: jwt malformed
[2025-08-13T21:26:00.114Z] ERROR: Token verification failed: jwt malformed
[2025-08-13T21:26:00.319Z] ERROR: Token verification failed: jwt malformed
[2025-08-13T21:26:05.043Z] ERROR: Token verification failed: jwt malformed
[2025-08-13T21:28:10.687Z] ERROR: Token verification failed: jwt malformed
[2025-08-13T21:32:16.289Z] ERROR: Token verification failed: jwt malformed
[2025-08-13T21:36:38.360Z] ERROR: Token verification failed: jwt malformed
[2025-08-13T21:36:38.573Z] ERROR: Token verification failed: jwt malformed
[2025-08-13T21:36:38.783Z] ERROR: Token verification failed: jwt malformed
[2025-08-13T21:36:38.992Z] ERROR: Token verification failed: jwt malformed
[2025-08-13T21:36:39.202Z] ERROR: Token verification failed: jwt malformed
[2025-08-13T21:36:39.485Z] ERROR: Token verification failed: jwt malformed
[2025-08-13T21:36:39.694Z] ERROR: Token verification failed: jwt malformed
[2025-08-13T21:36:44.821Z] ERROR: Token verification failed: jwt malformed
[2025-08-13T21:37:09.777Z] ERROR: Token verification failed: jwt malformed
[2025-08-14T20:38:19.545Z] ERROR: Token verification failed: jwt malformed
[2025-08-14T20:39:56.506Z] ERROR: Token verification failed: jwt expired
[2025-08-14T20:48:04.287Z] ERROR: Token verification failed: jwt malformed
[2025-08-14T21:01:48.536Z] ERROR: Token verification failed: jwt malformed
[2025-08-14T21:13:12.898Z] ERROR: Token verification failed: jwt malformed
[2025-08-14T21:13:13.034Z] ERROR: Token verification failed: jwt malformed
[2025-08-14T21:13:13.164Z] ERROR: Token verification failed: jwt malformed
[2025-08-14T21:13:13.305Z] ERROR: Token verification failed: jwt malformed
[2025-08-14T21:13:13.438Z] ERROR: Token verification failed: jwt malformed
[2025-08-14T21:15:29.330Z] ERROR: Token verification failed: jwt malformed
[2025-08-14T21:15:29.467Z] ERROR: Token verification failed: jwt malformed
[2025-08-14T21:15:29.598Z] ERROR: Token verification failed: jwt malformed
[2025-08-14T21:15:29.723Z] ERROR: Token verification failed: jwt malformed
[2025-08-14T21:15:29.853Z] ERROR: Token verification failed: jwt malformed
[2025-08-14T21:17:53.474Z] ERROR: Token verification failed: jwt malformed
[2025-08-14T21:17:53.620Z] ERROR: Token verification failed: jwt malformed
[2025-08-14T21:17:53.750Z] ERROR: Token verification failed: jwt malformed
[2025-08-14T21:17:53.872Z] ERROR: Token verification failed: jwt malformed
[2025-08-14T21:17:53.997Z] ERROR: Token verification failed: jwt malformed
[2025-08-14T21:21:27.464Z] ERROR: Token verification failed: jwt malformed
[2025-08-14T21:21:27.599Z] ERROR: Token verification failed: jwt malformed
[2025-08-14T21:21:27.726Z] ERROR: Token verification failed: jwt malformed
[2025-08-14T21:21:27.851Z] ERROR: Token verification failed: jwt malformed
[2025-08-14T21:21:27.983Z] ERROR: Token verification failed: jwt malformed
[2025-08-14T21:25:32.248Z] ERROR: Token verification failed: jwt malformed
[2025-08-14T21:25:32.383Z] ERROR: Token verification failed: jwt malformed
[2025-08-14T21:25:32.505Z] ERROR: Token verification failed: jwt malformed
[2025-08-14T21:25:32.633Z] ERROR: Token verification failed: jwt malformed
[2025-08-14T21:25:32.757Z] ERROR: Token verification failed: jwt malformed
[2025-08-15T15:27:49.987Z] ERROR: Token verification failed: jwt malformed
[2025-08-15T15:35:51.443Z] ERROR: Token verification failed: jwt malformed
[2025-08-15T15:36:32.051Z] ERROR: Token verification failed: jwt malformed
[2025-08-15T15:55:07.894Z] ERROR: Error creating supplier E11000 duplicate key error collection: test.suppliers index: rut_1 dup key: { rut: "12.345.678-9" }
[2025-08-15T15:57:54.458Z] ERROR: Error creating supplier E11000 duplicate key error collection: inventPro.suppliers index: rut_1 dup key: { rut: "12.345.678-9" }
[2025-08-15T17:44:23.318Z] ERROR: Unexpected error in validateSchema middleware Cannot read properties of undefined (reading 'length')
[2025-08-15T17:44:23.423Z] ERROR: Unexpected error in validateSchema middleware Cannot read properties of undefined (reading 'length')
[2025-08-15T17:44:23.464Z] ERROR: Unexpected error in validateSchema middleware Cannot read properties of undefined (reading 'length')
[2025-08-15T17:44:23.504Z] ERROR: Unexpected error in validateSchema middleware Cannot read properties of undefined (reading 'length')
[2025-08-15T17:44:23.543Z] ERROR: Unexpected error in validateSchema middleware Cannot read properties of undefined (reading 'length')
[2025-08-15T17:44:23.583Z] ERROR: Unexpected error in validateSchema middleware Cannot read properties of undefined (reading 'length')
[2025-08-15T17:44:23.603Z] ERROR: Unexpected error in validateSchema middleware Cannot read properties of undefined (reading 'length')
[2025-08-15T17:44:23.645Z] ERROR: Unexpected error in validateSchema middleware Cannot read properties of undefined (reading 'length')
[2025-08-15T17:44:23.686Z] ERROR: Unexpected error in validateSchema middleware Cannot read properties of undefined (reading 'length')
[2025-08-15T17:44:23.747Z] ERROR: Unexpected error in validateSchema middleware Cannot read properties of undefined (reading 'length')
[2025-08-15T17:44:23.839Z] ERROR: Unexpected error in validateSchema middleware Cannot read properties of undefined (reading 'length')
[2025-08-15T17:44:23.861Z] ERROR: Unexpected error in validateSchema middleware Cannot read properties of undefined (reading 'length')
[2025-08-15T17:44:23.902Z] ERROR: Unexpected error in validateSchema middleware Cannot read properties of undefined (reading 'length')
[2025-08-15T17:44:23.964Z] ERROR: Unexpected error in validateSchema middleware Cannot read properties of undefined (reading 'length')
[2025-08-15T17:44:24.019Z] ERROR: Unexpected error in validateSchema middleware Cannot read properties of undefined (reading 'length')
[2025-08-15T17:48:57.879Z] ERROR: Unexpected error in validateSchema middleware Cannot read properties of undefined (reading 'length')
[2025-08-15T17:48:57.980Z] ERROR: Unexpected error in validateSchema middleware Cannot read properties of undefined (reading 'length')
[2025-08-15T17:48:58.023Z] ERROR: Unexpected error in validateSchema middleware Cannot read properties of undefined (reading 'length')
[2025-08-15T17:48:58.063Z] ERROR: Unexpected error in validateSchema middleware Cannot read properties of undefined (reading 'length')
[2025-08-15T17:48:58.103Z] ERROR: Unexpected error in validateSchema middleware Cannot read properties of undefined (reading 'length')
[2025-08-15T17:48:58.142Z] ERROR: Unexpected error in validateSchema middleware Cannot read properties of undefined (reading 'length')
[2025-08-15T17:48:58.163Z] ERROR: Unexpected error in validateSchema middleware Cannot read properties of undefined (reading 'length')
[2025-08-15T17:48:58.203Z] ERROR: Unexpected error in validateSchema middleware Cannot read properties of undefined (reading 'length')
[2025-08-15T17:48:58.243Z] ERROR: Unexpected error in validateSchema middleware Cannot read properties of undefined (reading 'length')
[2025-08-15T17:48:58.304Z] ERROR: Unexpected error in validateSchema middleware Cannot read properties of undefined (reading 'length')
[2025-08-15T17:48:58.400Z] ERROR: Unexpected error in validateSchema middleware Cannot read properties of undefined (reading 'length')
[2025-08-15T17:48:58.419Z] ERROR: Unexpected error in validateSchema middleware Cannot read properties of undefined (reading 'length')
[2025-08-15T17:48:58.459Z] ERROR: Unexpected error in validateSchema middleware Cannot read properties of undefined (reading 'length')
[2025-08-15T17:48:58.513Z] ERROR: Unexpected error in validateSchema middleware Cannot read properties of undefined (reading 'length')
[2025-08-15T17:48:58.567Z] ERROR: Unexpected error in validateSchema middleware Cannot read properties of undefined (reading 'length')
[2025-08-15T18:10:45.755Z] ERROR: Unexpected error in validateSchema middleware Cannot read properties of undefined (reading 'length')
[2025-08-15T18:30:48.957Z] ERROR: Unexpected error in validateSchema middleware Cannot read properties of undefined (reading 'length')
[2025-08-15T18:31:23.581Z] ERROR: Unexpected error in validateSchema middleware Cannot read properties of undefined (reading 'length')
[2025-08-15T18:31:30.013Z] ERROR: Unexpected error in validateSchema middleware Cannot read properties of undefined (reading 'length')
[2025-08-15T18:31:54.487Z] ERROR: Unexpected error in validateSchema middleware Cannot read properties of undefined (reading 'length')
[2025-08-15T18:32:20.377Z] ERROR: Unexpected error in validateSchema middleware Cannot read properties of undefined (reading 'length')
[2025-08-18T13:40:51.627Z] ERROR: Error in createOrder Cast to ObjectId failed for value "customer123" (type string) at path "_id" for model "User"
[2025-08-19T17:28:11.615Z] ERROR: Token verification failed: invalid token
[2025-08-19T17:29:53.976Z] ERROR: Token verification failed: invalid token
[2025-08-19T17:30:06.595Z] ERROR: Token verification failed: invalid token
[2025-08-19T17:31:45.685Z] ERROR: Token verification failed: invalid token
[2025-08-19T17:31:59.775Z] ERROR: Token verification failed: invalid token
[2025-08-19T17:34:26.431Z] ERROR: Token verification failed: invalid token
[2025-08-19T17:34:33.689Z] ERROR: Token verification failed: invalid token
[2025-08-19T17:34:36.749Z] ERROR: Error in updateOrder [
  {
    "code": "invalid_value",
    "values": [
      "pending",
      "processing",
      "completed",
      "cancelled"
    ],
    "path": [
      "status"
    ],
    "message": "Invalid option: expected one of \"pending\"|\"processing\"|\"completed\"|\"cancelled\""
  }
]
[2025-08-19T17:37:40.730Z] ERROR: Error in updateOrder [
  {
    "code": "invalid_value",
    "values": [
      "pending",
      "processing",
      "completed",
      "cancelled"
    ],
    "path": [
      "status"
    ],
    "message": "Invalid option: expected one of \"pending\"|\"processing\"|\"completed\"|\"cancelled\""
  }
]
[2025-08-19T17:37:49.891Z] ERROR: Token verification failed: invalid token
[2025-08-19T17:37:59.599Z] ERROR: Token verification failed: invalid token
[2025-08-19T17:41:26.597Z] ERROR: Error in updateOrder [
  {
    "code": "invalid_value",
    "values": [
      "pending",
      "processing",
      "completed",
      "cancelled"
    ],
    "path": [
      "status"
    ],
    "message": "Invalid option: expected one of \"pending\"|\"processing\"|\"completed\"|\"cancelled\""
  }
]
[2025-08-19T17:41:28.986Z] ERROR: Token verification failed: invalid token
[2025-08-19T17:41:34.596Z] ERROR: Token verification failed: invalid token
[2025-08-19T17:43:36.754Z] ERROR: Error in updateOrder [
  {
    "code": "invalid_value",
    "values": [
      "pending",
      "processing",
      "completed",
      "cancelled"
    ],
    "path": [
      "status"
    ],
    "message": "Invalid option: expected one of \"pending\"|\"processing\"|\"completed\"|\"cancelled\""
  }
]
[2025-08-19T17:43:48.199Z] ERROR: Token verification failed: invalid token
[2025-08-19T17:43:56.657Z] ERROR: Token verification failed: invalid token
[2025-08-19T17:47:22.230Z] ERROR: Error in updateOrder [
  {
    "code": "invalid_value",
    "values": [
      "pending",
      "processing",
      "completed",
      "cancelled"
    ],
    "path": [
      "status"
    ],
    "message": "Invalid option: expected one of \"pending\"|\"processing\"|\"completed\"|\"cancelled\""
  }
]
[2025-08-19T17:48:39.401Z] ERROR: Error in updateOrder [
  {
    "code": "invalid_value",
    "values": [
      "pending",
      "processing",
      "completed",
      "cancelled"
    ],
    "path": [
      "status"
    ],
    "message": "Invalid option: expected one of \"pending\"|\"processing\"|\"completed\"|\"cancelled\""
  }
]
[2025-08-19T17:48:50.345Z] ERROR: Token verification failed: invalid token
[2025-08-19T17:50:23.319Z] ERROR: Error in updateOrder [
  {
    "code": "invalid_value",
    "values": [
      "pending",
      "processing",
      "completed",
      "cancelled"
    ],
    "path": [
      "status"
    ],
    "message": "Invalid option: expected one of \"pending\"|\"processing\"|\"completed\"|\"cancelled\""
  }
]
[2025-08-19T17:52:01.177Z] ERROR: Error in updateOrder [
  {
    "code": "invalid_value",
    "values": [
      "pending",
      "processing",
      "completed",
      "cancelled"
    ],
    "path": [
      "status"
    ],
    "message": "Invalid option: expected one of \"pending\"|\"processing\"|\"completed\"|\"cancelled\""
  }
]
[2025-08-19T17:53:18.084Z] ERROR: Error in updateOrder [
  {
    "code": "invalid_value",
    "values": [
      "pending",
      "processing",
      "completed",
      "cancelled"
    ],
    "path": [
      "status"
    ],
    "message": "Invalid option: expected one of \"pending\"|\"processing\"|\"completed\"|\"cancelled\""
  }
]
[2025-08-19T17:54:09.490Z] ERROR: Error in updateOrder [
  {
    "code": "invalid_value",
    "values": [
      "pending",
      "processing",
      "completed",
      "cancelled"
    ],
    "path": [
      "status"
    ],
    "message": "Invalid option: expected one of \"pending\"|\"processing\"|\"completed\"|\"cancelled\""
  }
]
[2025-08-19T17:56:23.644Z] ERROR: Error in updateOrder [
  {
    "code": "invalid_value",
    "values": [
      "pending",
      "processing",
      "completed",
      "cancelled"
    ],
    "path": [
      "status"
    ],
    "message": "Invalid option: expected one of \"pending\"|\"processing\"|\"completed\"|\"cancelled\""
  }
]
[2025-08-19T18:41:51.656Z] ERROR: Error in updateOrder [
  {
    "code": "invalid_value",
    "values": [
      "pending",
      "processing",
      "completed",
      "cancelled"
    ],
    "path": [
      "status"
    ],
    "message": "Invalid option: expected one of \"pending\"|\"processing\"|\"completed\"|\"cancelled\""
  }
]
[2025-08-19T18:45:40.643Z] ERROR: Error in updateOrder [
  {
    "code": "invalid_value",
    "values": [
      "pending",
      "processing",
      "completed",
      "cancelled"
    ],
    "path": [
      "status"
    ],
    "message": "Invalid option: expected one of \"pending\"|\"processing\"|\"completed\"|\"cancelled\""
  }
]
[2025-08-19T18:45:50.819Z] ERROR: Token verification failed: invalid token
[2025-08-19T18:53:06.787Z] ERROR: Error in updateOrder [
  {
    "code": "invalid_value",
    "values": [
      "pending",
      "processing",
      "completed",
      "cancelled"
    ],
    "path": [
      "status"
    ],
    "message": "Invalid option: expected one of \"pending\"|\"processing\"|\"completed\"|\"cancelled\""
  }
]
[2025-08-19T18:58:49.326Z] ERROR: Error in updateOrder [
  {
    "code": "invalid_value",
    "values": [
      "pending",
      "processing",
      "completed",
      "cancelled"
    ],
    "path": [
      "status"
    ],
    "message": "Invalid option: expected one of \"pending\"|\"processing\"|\"completed\"|\"cancelled\""
  }
]
[2025-08-19T19:03:27.740Z] ERROR: Error in updateOrder [
  {
    "code": "invalid_value",
    "values": [
      "pending",
      "processing",
      "completed",
      "cancelled"
    ],
    "path": [
      "status"
    ],
    "message": "Invalid option: expected one of \"pending\"|\"processing\"|\"completed\"|\"cancelled\""
  }
]
[2025-08-19T19:13:15.195Z] ERROR: Token verification failed: jwt malformed
[2025-08-19T19:13:15.254Z] ERROR: Token verification failed: jwt malformed
[2025-08-19T19:13:15.295Z] ERROR: Token verification failed: jwt malformed
[2025-08-19T19:13:15.335Z] ERROR: Token verification failed: jwt malformed
[2025-08-19T19:13:15.432Z] ERROR: Token verification failed: jwt malformed
[2025-08-19T19:13:15.483Z] ERROR: Token verification failed: jwt malformed
[2025-08-19T19:20:06.230Z] ERROR: Token verification failed: jwt malformed
[2025-08-19T19:20:06.293Z] ERROR: Token verification failed: jwt malformed
[2025-08-19T19:20:06.337Z] ERROR: Token verification failed: jwt malformed
[2025-08-19T19:20:06.382Z] ERROR: Token verification failed: jwt malformed
[2025-08-19T19:20:06.479Z] ERROR: Token verification failed: jwt malformed
[2025-08-19T19:20:06.528Z] ERROR: Token verification failed: jwt malformed
[2025-08-19T19:30:25.899Z] ERROR: Login error from IP 127.0.0.1: secretOrPrivateKey must have a value
[2025-08-19T19:30:26.097Z] ERROR: Login error from IP 127.0.0.1: secretOrPrivateKey must have a value
[2025-08-19T19:30:26.137Z] ERROR: Token verification failed: jwt malformed
[2025-08-19T19:30:26.436Z] ERROR: Login error from IP 127.0.0.1: secretOrPrivateKey must have a value
[2025-08-19T19:30:26.533Z] ERROR: Login error from IP 127.0.0.1: secretOrPrivateKey must have a value
[2025-08-19T19:30:26.552Z] ERROR: Token verification failed: jwt malformed
[2025-08-19T19:30:26.841Z] ERROR: Login error from IP 127.0.0.1: secretOrPrivateKey must have a value
[2025-08-19T19:30:26.951Z] ERROR: Login error from IP 127.0.0.1: secretOrPrivateKey must have a value
[2025-08-19T19:30:26.969Z] ERROR: Token verification failed: jwt malformed
[2025-08-19T19:30:27.268Z] ERROR: Login error from IP 127.0.0.1: secretOrPrivateKey must have a value
[2025-08-19T19:30:27.370Z] ERROR: Login error from IP 127.0.0.1: secretOrPrivateKey must have a value
[2025-08-19T19:30:27.387Z] ERROR: Token verification failed: jwt malformed
[2025-08-19T19:30:27.695Z] ERROR: Login error from IP 127.0.0.1: secretOrPrivateKey must have a value
[2025-08-19T19:30:27.796Z] ERROR: Login error from IP 127.0.0.1: secretOrPrivateKey must have a value
[2025-08-19T19:30:27.811Z] ERROR: Token verification failed: jwt malformed
[2025-08-19T19:30:28.105Z] ERROR: Login error from IP 127.0.0.1: secretOrPrivateKey must have a value
[2025-08-19T19:30:28.204Z] ERROR: Login error from IP 127.0.0.1: secretOrPrivateKey must have a value
[2025-08-19T19:30:28.221Z] ERROR: Token verification failed: jwt malformed
[2025-08-19T19:30:28.509Z] ERROR: Login error from IP 127.0.0.1: secretOrPrivateKey must have a value
[2025-08-19T19:30:28.616Z] ERROR: Login error from IP 127.0.0.1: secretOrPrivateKey must have a value
[2025-08-19T19:30:28.634Z] ERROR: Token verification failed: jwt malformed
[2025-08-19T19:30:28.920Z] ERROR: Login error from IP 127.0.0.1: secretOrPrivateKey must have a value
[2025-08-19T19:30:29.023Z] ERROR: Login error from IP 127.0.0.1: secretOrPrivateKey must have a value
[2025-08-19T19:30:29.040Z] ERROR: Token verification failed: jwt malformed
[2025-08-19T19:30:29.335Z] ERROR: Login error from IP 127.0.0.1: secretOrPrivateKey must have a value
[2025-08-19T19:30:29.435Z] ERROR: Login error from IP 127.0.0.1: secretOrPrivateKey must have a value
[2025-08-19T19:30:29.537Z] ERROR: Token verification failed: jwt malformed
[2025-08-19T19:30:29.835Z] ERROR: Login error from IP 127.0.0.1: secretOrPrivateKey must have a value
[2025-08-19T19:30:29.941Z] ERROR: Login error from IP 127.0.0.1: secretOrPrivateKey must have a value
[2025-08-19T19:30:29.957Z] ERROR: Token verification failed: jwt malformed
[2025-08-19T19:31:36.156Z] ERROR: Login error from IP 127.0.0.1: secretOrPrivateKey must have a value
[2025-08-19T19:31:36.272Z] ERROR: Login error from IP 127.0.0.1: secretOrPrivateKey must have a value
[2025-08-19T19:31:36.302Z] ERROR: Token verification failed: jwt malformed
[2025-08-19T19:31:36.609Z] ERROR: Login error from IP 127.0.0.1: secretOrPrivateKey must have a value
[2025-08-19T19:31:36.722Z] ERROR: Login error from IP 127.0.0.1: secretOrPrivateKey must have a value
[2025-08-19T19:31:36.740Z] ERROR: Token verification failed: jwt malformed
[2025-08-19T19:31:37.043Z] ERROR: Login error from IP 127.0.0.1: secretOrPrivateKey must have a value
[2025-08-19T19:31:37.144Z] ERROR: Login error from IP 127.0.0.1: secretOrPrivateKey must have a value
[2025-08-19T19:31:37.164Z] ERROR: Token verification failed: jwt malformed
[2025-08-19T19:31:37.466Z] ERROR: Login error from IP 127.0.0.1: secretOrPrivateKey must have a value
[2025-08-19T19:31:37.570Z] ERROR: Login error from IP 127.0.0.1: secretOrPrivateKey must have a value
[2025-08-19T19:31:37.587Z] ERROR: Token verification failed: jwt malformed
[2025-08-19T19:32:45.430Z] ERROR: Token verification failed: invalid token
[2025-08-19T19:32:53.616Z] ERROR: Token verification failed: invalid token
[2025-08-19T20:31:33.924Z] ERROR: Error in createOrder Transaction numbers are only allowed on a replica set member or mongos
[2025-08-19T20:31:33.992Z] ERROR: Error in createOrder Transaction numbers are only allowed on a replica set member or mongos
[2025-08-19T20:31:34.040Z] ERROR: Error in createOrder Transaction numbers are only allowed on a replica set member or mongos
[2025-08-19T20:49:14.381Z] ERROR: Error in createOrder Transaction numbers are only allowed on a replica set member or mongos
[2025-08-19T20:49:14.468Z] ERROR: Error in createOrder Transaction numbers are only allowed on a replica set member or mongos
[2025-08-19T20:49:14.528Z] ERROR: Error in createOrder Transaction numbers are only allowed on a replica set member or mongos
[2025-08-19T20:51:40.070Z] ERROR: Error in createOrder Transaction numbers are only allowed on a replica set member or mongos
[2025-08-19T20:51:40.138Z] ERROR: Error in createOrder Transaction numbers are only allowed on a replica set member or mongos
[2025-08-19T20:51:40.185Z] ERROR: Error in createOrder Transaction numbers are only allowed on a replica set member or mongos
[2025-08-19T20:51:50.955Z] ERROR: Error in createOrder Transaction numbers are only allowed on a replica set member or mongos
[2025-08-19T20:51:51.025Z] ERROR: Error in createOrder Transaction numbers are only allowed on a replica set member or mongos
[2025-08-19T20:51:51.071Z] ERROR: Error in createOrder Transaction numbers are only allowed on a replica set member or mongos
[2025-08-19T20:52:02.655Z] ERROR: Token verification failed: invalid token
[2025-08-19T20:52:07.308Z] ERROR: Token verification failed: invalid token
[2025-08-19T21:01:46.393Z] ERROR: Token verification failed: invalid token
[2025-08-19T21:08:26.034Z] ERROR: Token verification failed: invalid token
[2025-08-19T21:13:18.607Z] ERROR: Token verification failed: invalid token
[2025-08-19T21:16:36.911Z] ERROR: Token verification failed: invalid token
[2025-08-19T21:28:04.567Z] ERROR: Token verification failed: jwt malformed
[2025-08-19T21:28:04.624Z] ERROR: Token verification failed: jwt malformed
[2025-08-19T21:28:04.666Z] ERROR: Token verification failed: jwt malformed
[2025-08-19T21:28:04.709Z] ERROR: Token verification failed: jwt malformed
[2025-08-19T21:28:04.756Z] ERROR: Token verification failed: jwt malformed
[2025-08-19T21:48:49.961Z] ERROR: Error in createOrder Transaction numbers are only allowed on a replica set member or mongos
[2025-08-19T21:48:50.026Z] ERROR: Error in createOrder Transaction numbers are only allowed on a replica set member or mongos
[2025-08-19T21:48:50.072Z] ERROR: Error in createOrder Transaction numbers are only allowed on a replica set member or mongos
[2025-08-19T21:52:18.385Z] ERROR: Error in createOrder Transaction numbers are only allowed on a replica set member or mongos
[2025-08-19T21:52:18.453Z] ERROR: Error in createOrder Transaction numbers are only allowed on a replica set member or mongos
[2025-08-19T21:52:18.502Z] ERROR: Error in createOrder Transaction numbers are only allowed on a replica set member or mongos
[2025-08-19T21:52:18.611Z] ERROR: Error in updateOrder Transaction numbers are only allowed on a replica set member or mongos
[2025-08-19T21:52:18.665Z] ERROR: Error in deleteOrder Transaction numbers are only allowed on a replica set member or mongos
[2025-08-19T22:37:35.931Z] ERROR: Token verification failed: invalid token
[2025-08-19T22:40:14.869Z] ERROR: Token verification failed: invalid token
[2025-08-19T23:43:51.190Z] ERROR: Token verification failed: invalid token
[2025-08-19T23:52:33.850Z] ERROR: Token verification failed: jwt malformed
[2025-08-19T23:52:33.907Z] ERROR: Token verification failed: jwt malformed
[2025-08-19T23:52:34.032Z] ERROR: Token verification failed: jwt malformed
[2025-08-19T23:52:34.081Z] ERROR: Token verification failed: jwt malformed
[2025-08-19T23:55:32.216Z] ERROR: Token verification failed: invalid token
[2025-08-20T11:32:24.700Z] ERROR: Token verification failed: invalid token
[2025-08-20T13:13:30.702Z] ERROR: Token verification failed: invalid token
[2025-08-20T13:16:26.213Z] ERROR: Token verification failed: invalid token
[2025-08-20T13:18:09.514Z] ERROR: Token verification failed: invalid token
[2025-08-20T13:23:01.368Z] ERROR: Token verification failed: invalid token
[2025-08-20T13:23:02.113Z] ERROR: Token verification failed: invalid token
[2025-08-20T13:26:31.804Z] ERROR: Token verification failed: invalid token
[2025-08-20T13:30:19.438Z] ERROR: Token verification failed: invalid token
[2025-08-20T13:30:34.440Z] ERROR: Token verification failed: jwt malformed
[2025-08-20T13:30:34.786Z] ERROR: [ERROR] manualInventoryById: Cast to ObjectId failed for value "invalidid" (type string) at path "_id" for model "ManualInventory"
[2025-08-20T13:33:11.606Z] ERROR: Token verification failed: invalid token
[2025-08-20T13:33:23.077Z] ERROR: [ERROR] manualInventoryById: Cast to ObjectId failed for value "invalidid" (type string) at path "_id" for model "ManualInventory"
[2025-08-20T13:36:54.599Z] ERROR: Token verification failed: invalid token
[2025-08-20T13:39:39.271Z] ERROR: Token verification failed: invalid token
[2025-08-20T13:44:49.727Z] ERROR: Token verification failed: invalid token
[2025-08-20T13:48:49.651Z] ERROR: Token verification failed: invalid token
[2025-08-20T13:59:18.293Z] ERROR: Token verification failed: invalid token
[2025-08-25T17:18:49.177Z] ERROR: Token verification failed: invalid token
[2025-08-25T17:18:49.184Z] ERROR: Token verification failed: invalid token
[2025-08-25T17:18:49.191Z] ERROR: Token verification failed: _userModel.default.findByPk is not a function
[2025-08-25T17:20:21.514Z] ERROR: Token verification failed: invalid token
[2025-08-25T17:20:21.543Z] ERROR: Token verification failed: invalid token
[2025-08-25T17:20:21.578Z] ERROR: Token verification failed: _userModel.default.findByPk is not a function
[2025-08-25T20:32:50.213Z] ERROR: Registration error: Cannot read properties of undefined (reading 'constructor'), IP: ::1
[2025-08-25T20:37:41.788Z] ERROR: Registration error: Cannot read properties of undefined (reading 'constructor'), IP: ::1
[2025-08-25T21:06:15.385Z] ERROR: Login error: Illegal arguments: string, undefined, IP: ::1
[2025-08-25T21:06:29.420Z] ERROR: Login error: Illegal arguments: string, undefined, IP: ::1
[2025-08-25T21:07:13.796Z] ERROR: Login error: Illegal arguments: string, undefined, IP: ::1
[2025-08-25T21:24:20.270Z] ERROR: Token verification failed: jwt expired
[2025-08-25T23:16:43.483Z] ERROR: Error creating supplier Validation error: Website must be valid URL
[2025-08-25T23:17:20.939Z] ERROR: Error creating supplier Validation error: Website must be valid URL
[2025-08-25T23:34:30.831Z] ERROR: Registration error: llave duplicada viola restriccin de unicidad users_username_key, IP: ::1
[2025-08-25T23:34:40.066Z] ERROR: Registration error: llave duplicada viola restriccin de unicidad users_username_key, IP: ::1
[2025-08-25T23:39:58.996Z] ERROR: Token verification failed: jwt malformed
[2025-08-25T23:40:51.218Z] ERROR: Error fetching products User is not associated to Product!
[2025-08-25T23:41:01.630Z] ERROR: Error fetching products User is not associated to Product!
[2025-08-25T23:43:37.304Z] ERROR: Token verification failed: jwt malformed
[2025-08-25T23:44:17.112Z] ERROR: Error fetching products User is not associated to Product!
[2025-08-25T23:49:12.727Z] ERROR: Error fetching products User is not associated to Product!
[2025-08-25T23:51:52.841Z] ERROR: Error fetching products User is not associated to Product!
[2025-08-25T23:57:40.578Z] ERROR: Token verification failed: jwt malformed
[2025-08-26T00:00:06.639Z] ERROR: Error creating product llave duplicada viola restriccin de unicidad products_name_key
[2025-08-26T00:03:02.816Z] ERROR: Error creating product llave duplicada viola restriccin de unicidad products_name_key
[2025-08-26T00:23:38.790Z] ERROR: Error creating product llave duplicada viola restriccin de unicidad products_name_key
[2025-08-26T00:24:59.274Z] ERROR: Error creating product llave duplicada viola restriccin de unicidad products_name_key
[2025-08-26T16:59:45.265Z] ERROR: Token verification failed: no existe la columna createdAt
[2025-08-26T16:59:50.296Z] ERROR: Login error: no existe la columna createdAt, IP: ::1
[2025-08-26T17:00:02.690Z] ERROR: Login error: no existe la columna createdAt, IP: ::1
[2025-08-26T20:57:26.110Z] ERROR: Registration error: Cannot read properties of undefined (reading 'constructor'), IP: ::1
[2025-08-26T20:57:41.003Z] ERROR: Registration error: Cannot read properties of undefined (reading 'constructor'), IP: ::1
[2025-08-26T20:57:46.280Z] ERROR: Registration error: Cannot read properties of undefined (reading 'constructor'), IP: ::1
[2025-08-26T20:57:47.478Z] ERROR: Registration error: Cannot read properties of undefined (reading 'constructor'), IP: ::1
[2025-08-26T20:57:48.459Z] ERROR: Registration error: Cannot read properties of undefined (reading 'constructor'), IP: ::1
[2025-08-26T20:57:49.369Z] ERROR: Registration error: Cannot read properties of undefined (reading 'constructor'), IP: ::1
[2025-08-26T20:57:58.262Z] ERROR: Registration error: Cannot read properties of undefined (reading 'constructor'), IP: ::1
[2025-08-26T20:58:12.821Z] ERROR: Registration error: Cannot read properties of undefined (reading 'constructor'), IP: ::1
[2025-08-26T20:58:17.921Z] ERROR: Registration error: Cannot read properties of undefined (reading 'constructor'), IP: ::1
[2025-08-26T20:58:25.633Z] ERROR: Registration error: Cannot read properties of undefined (reading 'constructor'), IP: ::1
[2025-08-26T21:01:39.609Z] ERROR: Registration error: Cannot read properties of undefined (reading 'constructor'), IP: ::1
[2025-08-26T23:21:13.581Z] ERROR: Token verification failed: jwt expired
[2025-08-26T23:32:09.271Z] ERROR: Registration error: llave duplicada viola restriccin de unicidad users_username_key, IP: ::1
[2025-08-26T23:35:34.315Z] ERROR: Token verification failed: jwt expired
[2025-08-26T23:39:09.440Z] ERROR: Token verification failed: jwt expired
[2025-08-26T23:50:00.980Z] ERROR: Error listing users: no existe la columna User.createdAt, IP: ::1
[2025-08-26T23:50:31.290Z] ERROR: Error creating user: llave duplicada viola restriccin de unicidad users_username_key, IP: ::1
[2025-08-26T23:51:15.743Z] ERROR: Error listing users: no existe la columna User.createdAt, IP: ::1
[2025-08-26T23:53:04.093Z] ERROR: Error listing users: no existe la columna User.createdAt, IP: ::1
[2025-08-26T23:53:16.862Z] ERROR: Error listing users: no existe la columna User.createdAt, IP: ::1
[2025-08-26T23:54:27.491Z] ERROR: Error listing users: no existe la columna User.createdAt, IP: ::1
[2025-08-27T00:20:08.800Z] ERROR: Error creating product llave duplicada viola restriccin de unicidad products_name_key15
[2025-08-27T00:21:47.506Z] ERROR: Token verification failed: jwt expired
[2025-08-27T00:52:09.443Z] ERROR: Error creating report: Cannot read properties of undefined (reading '_zod')
[2025-08-27T00:55:32.932Z] ERROR: Error creating report: Cannot read properties of undefined (reading '_zod')
[2025-08-27T00:58:20.789Z] ERROR: Error creating report: Cannot read properties of undefined (reading '_zod')
[2025-08-27T00:59:37.336Z] ERROR: Error creating report: Cannot read properties of undefined (reading '_zod')
[2025-08-27T01:01:39.109Z] ERROR: Error creating report: Cannot read properties of undefined (reading '_zod')
[2025-08-27T01:03:33.761Z] ERROR: Error creating report: Cannot read properties of undefined (reading '_zod')
[2025-08-27T01:05:55.475Z] ERROR: Error creating report: Cannot read properties of undefined (reading '_zod')
[2025-08-27T01:06:07.146Z] ERROR: Error creating report: Cannot read properties of undefined (reading '_zod')
[2025-08-27T01:11:37.688Z] ERROR: Error updating report: Cannot read properties of undefined (reading '_zod')
[2025-08-27T01:11:51.204Z] ERROR: Error updating report: Cannot read properties of undefined (reading '_zod')
[2025-08-27T01:12:25.434Z] ERROR: Error updating report: Cannot read properties of undefined (reading '_zod')
